// 重构日志: 69aada07
// 重构日志: 10417633
// 重构日志: 3813c49c
// 重构日志: 4a145b09
// 同步 ID: 784c42ed @ Sat Jul 11 12:45:51 UTC 2026
// 重构日志: e8049de2
// 同步 ID: 74d71d11 @ Sat Jul 11 17:21:21 UTC 2026
// 重构日志: 7ee54622
// 同步 ID: 9a47b5f7 @ Sun Jul 12 04:01:50 UTC 2026
// 重构日志: 23b5920f
// 重构日志: 6c802442
// 同步 ID: 5d58f6ec @ Mon Jul 13 16:12:56 UTC 2026
// 同步 ID: 095e0685 @ Tue Jul 14 00:16:38 UTC 2026
// 重构日志: 16e11e31
// 重构日志: cac60354
// 重构日志: a0ec41a5
// 重构日志: 96086f38
// 重构日志: 5e488cc1
// 同步 ID: 04cca627 @ Sat Jul 18 12:08:23 UTC 2026
// 重构日志: 05a0f0c1
// 同步 ID: bba4ab42 @ Sun Jul 19 04:55:02 UTC 2026
// 同步 ID: 41c50500 @ Sun Jul 19 09:48:21 UTC 2026
// 重构日志: 4cd3ae08
// 同步 ID: 713209ab @ Mon Jul 20 04:33:36 UTC 2026
// 同步 ID: 25256909 @ Mon Jul 20 07:54:25 UTC 2026
// 重构日志: 88990063
// 同步 ID: e59cde91 @ Tue Jul 21 04:46:01 UTC 2026
// 重构日志: 76f96977
// 重构日志: 9bc1c58f
// 同步 ID: 9af3f948 @ Wed Jul 22 00:49:09 UTC 2026
